<?xml version="1.0" encoding="UTF-8"?>
<!-- Generated by org.testng.reporters.JUnitReportReporter -->
<testsuite hostname="LAPTOP-RIS24GSK" failures="0" tests="3" name="STPETEGeneralFolder.BasicFuctionalities" time="12.527" errors="0" timestamp="2023-12-15T20:08:13 AWST" skipped="0">
  <testcase classname="STPETEGeneralFolder.BasicFuctionalities" name="searchBar" time="3.642"/>
  <system-out/>
  <testcase classname="STPETEGeneralFolder.BasicFuctionalities" name="takeScreenshot" time="2.580"/>
  <system-out/>
  <testcase classname="STPETEGeneralFolder.BasicFuctionalities" name="TravelCalender" time="6.305"/>
  <system-out/>
</testsuite> <!-- STPETEGeneralFolder.BasicFuctionalities -->
