<?xml version="1.0" encoding="UTF-8"?>
<!-- Generated by org.testng.reporters.JUnitReportReporter -->
<testsuite hostname="LAPTOP-RIS24GSK" failures="0" tests="1" name="STPETEGeneralFolder.BaseTest" time="5.251" errors="0" timestamp="2023-12-15T16:59:20 AWST" skipped="0">
  <testcase classname="STPETEGeneralFolder.BaseTest" name="initializeDriver" time="5.251"/>
  <system-out/>
</testsuite> <!-- STPETEGeneralFolder.BaseTest -->
